<?xml version="1.0" encoding="UTF-8"?>
<testsuite name="TestBinaryDetector" tests="4" skipped="0" failures="0" errors="0" timestamp="2022-06-21T23:53:07" hostname="DESKTOP-1FSOC4R" time="0.088">
  <properties/>
  <testcase name="invalidCharacters()" classname="TestBinaryDetector" time="0.075"/>
  <testcase name="testStartWithZero()" classname="TestBinaryDetector" time="0.002"/>
  <testcase name="testEndWithZero()" classname="TestBinaryDetector" time="0.003"/>
  <testcase name="testValidBinary()" classname="TestBinaryDetector" time="0.004"/>
  <system-out><![CDATA[]]></system-out>
  <system-err><![CDATA[]]></system-err>
</testsuite>
