<?xml version="1.0" encoding="UTF-8"?>
<testsuite name="TestPasswordDetector" tests="4" skipped="0" failures="0" errors="0" timestamp="2022-06-21T23:29:22" hostname="DESKTOP-1FSOC4R" time="0.083">
  <properties/>
  <testcase name="testForEndSpecialCharacter()" classname="TestPasswordDetector" time="0.072"/>
  <testcase name="testForSpecialCharacter()" classname="TestPasswordDetector" time="0.005"/>
  <testcase name="testForLength()" classname="TestPasswordDetector" time="0.002"/>
  <testcase name="testForCapitalLetters()" classname="TestPasswordDetector" time="0.001"/>
  <system-out><![CDATA[Ends with special
Ends with special
Ends with special
]]></system-out>
  <system-err><![CDATA[]]></system-err>
</testsuite>
