<?xml version="1.0" encoding="UTF-8"?>
<testsuite name="TestEmailDetector" tests="4" skipped="0" failures="0" errors="0" timestamp="2022-06-21T23:35:03" hostname="DESKTOP-1FSOC4R" time="0.087">
  <properties/>
  <testcase name="testEmailThirdPart()" classname="TestEmailDetector" time="0.078"/>
  <testcase name="testEmailFirstPart()" classname="TestEmailDetector" time="0.001"/>
  <testcase name="testInvalidCharacters()" classname="TestEmailDetector" time="0.002"/>
  <testcase name="testEmailSecondPart()" classname="TestEmailDetector" time="0.001"/>
  <system-out><![CDATA[]]></system-out>
  <system-err><![CDATA[]]></system-err>
</testsuite>
