<?xml version="1.0" encoding="UTF-8"?>
<testsuite name="TestBinaryDetector" tests="4" skipped="0" failures="0" errors="0" timestamp="2022-06-21T23:45:55" hostname="DESKTOP-1FSOC4R" time="0.086">
  <properties/>
  <testcase name="invalidCharacters()" classname="TestBinaryDetector" time="0.08"/>
  <testcase name="testStartWithZero()" classname="TestBinaryDetector" time="0.001"/>
  <testcase name="testEndWithZero()" classname="TestBinaryDetector" time="0.001"/>
  <testcase name="testValidBinary()" classname="TestBinaryDetector" time="0.001"/>
  <system-out><![CDATA[]]></system-out>
  <system-err><![CDATA[]]></system-err>
</testsuite>
