<?xml version="1.0" encoding="UTF-8"?>
<testsuite name="TestFloatDetector" tests="4" skipped="0" failures="0" errors="0" timestamp="2022-06-21T23:53:07" hostname="DESKTOP-1FSOC4R" time="0.013">
  <properties/>
  <testcase name="validFloats()" classname="TestFloatDetector" time="0.007"/>
  <testcase name="invalidCharacters()" classname="TestFloatDetector" time="0.001"/>
  <testcase name="testStartWithZero()" classname="TestFloatDetector" time="0.002"/>
  <testcase name="testEmptySecondPart()" classname="TestFloatDetector" time="0.001"/>
  <system-out><![CDATA[]]></system-out>
  <system-err><![CDATA[]]></system-err>
</testsuite>
